#
# There is insufficient memory for the Java Runtime Environment to continue.
# Native memory allocation (malloc) failed to allocate 796336 bytes for Chunk::new
# Possible reasons:
#   The system is out of physical RAM or swap space
#   The process is running with CompressedOops enabled, and the Java Heap may be blocking the growth of the native heap
# Possible solutions:
#   Reduce memory load on the system
#   Increase physical memory or swap space
#   Check if swap backing store is full
#   Decrease Java heap size (-Xmx/-Xms)
#   Decrease number of Java threads
#   Decrease Java thread stack sizes (-Xss)
#   Set larger code cache with -XX:ReservedCodeCacheSize=
#   JVM is running with Unscaled Compressed Oops mode in which the Java heap is
#     placed in the first 4GB address space. The Java Heap base address is the
#     maximum limit for the native heap growth. Please use -XX:HeapBaseMinAddress
#     to set the Java Heap base and to place the Java Heap above 4GB virtual address.
# This output file may be truncated or incomplete.
#
#  Out of Memory Error (./open/src/hotspot/share/memory/arena.cpp:195), pid=15916, tid=9868
#
# JRE version: OpenJDK Runtime Environment (15.0.2+7) (build 15.0.2+7-27)
# Java VM: OpenJDK 64-Bit Server VM (15.0.2+7-27, mixed mode, sharing, tiered, compressed oops, g1 gc, windows-amd64)
# No core dump will be written. Minidumps are not enabled by default on client versions of Windows
#

---------------  S U M M A R Y ------------

Command Line: -ea -Didea.test.cyclic.buffer.size=1048576 -javaagent:C:\Program Files\JetBrains\IntelliJ IDEA 2020.2.3\lib\idea_rt.jar=53768:C:\Program Files\JetBrains\IntelliJ IDEA 2020.2.3\bin -Dfile.encoding=UTF-8 com.intellij.rt.junit.JUnitStarter -ideVersion5 -junit5 ru.ldwx.crm.service.CustomerServiceImplTest

Host: Intel(R) Core(TM) i3-7020U CPU @ 2.30GHz, 4 cores, 3G,  Windows 10 , 64 bit Build 19041 (10.0.19041.804)
Time: Sat Apr 10 18:47:54 2021 RTZ 2 (зима) elapsed time: 4.966471 seconds (0d 0h 0m 4s)

---------------  T H R E A D  ---------------

Current thread (0x00000198bb183bc0):  JavaThread "C2 CompilerThread0" daemon [_thread_in_native, id=9868, stack(0x0000007e02f00000,0x0000007e03000000)]


Current CompileTask:
C2:   4966 1583       4       java.net.URLStreamHandler::parseURL (1201 bytes)

Stack: [0x0000007e02f00000,0x0000007e03000000]
Native frames: (J=compiled Java code, j=interpreted, Vv=VM code, C=native code)
V  [jvm.dll+0x62ae9a]
V  [jvm.dll+0x7817a9]
V  [jvm.dll+0x782f03]
V  [jvm.dll+0x783563]
V  [jvm.dll+0x216325]
V  [jvm.dll+0x97f3a]
V  [jvm.dll+0x9861c]
V  [jvm.dll+0x32e2a8]
V  [jvm.dll+0x2f768a]
V  [jvm.dll+0x2f6a4a]
V  [jvm.dll+0x1ea705]
V  [jvm.dll+0x1e996e]
V  [jvm.dll+0x178567]
V  [jvm.dll+0x1f9225]
V  [jvm.dll+0x1f72cc]
V  [jvm.dll+0x74495d]
V  [jvm.dll+0x73d75a]
V  [jvm.dll+0x629c56]
C  [ucrtbase.dll+0x21bb2]
C  [KERNEL32.DLL+0x17034]
C  [ntdll.dll+0x52651]


---------------  P R O C E S S  ---------------

Threads class SMR info:
_java_thread_list=0x00000198bb3eace0, length=12, elements={
0x000001989ed9b790, 0x00000198bb15e530, 0x00000198bb15f100, 0x00000198bb180870,
0x00000198bb181320, 0x00000198bb181dd0, 0x00000198bb183bc0, 0x00000198bb184760,
0x00000198bb1fa040, 0x00000198bb349410, 0x00000198bb4667d0, 0x00000198bb3da2d0
}

Java Threads: ( => current thread )
  0x000001989ed9b790 JavaThread "main" [_thread_in_Java, id=13056, stack(0x0000007e02300000,0x0000007e02400000)]
  0x00000198bb15e530 JavaThread "Reference Handler" daemon [_thread_blocked, id=13804, stack(0x0000007e02a00000,0x0000007e02b00000)]
  0x00000198bb15f100 JavaThread "Finalizer" daemon [_thread_blocked, id=11320, stack(0x0000007e02b00000,0x0000007e02c00000)]
  0x00000198bb180870 JavaThread "Signal Dispatcher" daemon [_thread_blocked, id=2992, stack(0x0000007e02c00000,0x0000007e02d00000)]
  0x00000198bb181320 JavaThread "Attach Listener" daemon [_thread_blocked, id=2320, stack(0x0000007e02d00000,0x0000007e02e00000)]
  0x00000198bb181dd0 JavaThread "Service Thread" daemon [_thread_blocked, id=272, stack(0x0000007e02e00000,0x0000007e02f00000)]
=>0x00000198bb183bc0 JavaThread "C2 CompilerThread0" daemon [_thread_in_native, id=9868, stack(0x0000007e02f00000,0x0000007e03000000)]
  0x00000198bb184760 JavaThread "C1 CompilerThread0" daemon [_thread_blocked, id=7684, stack(0x0000007e03000000,0x0000007e03100000)]
  0x00000198bb1fa040 JavaThread "Sweeper thread" daemon [_thread_blocked, id=12596, stack(0x0000007e03100000,0x0000007e03200000)]
  0x00000198bb349410 JavaThread "Common-Cleaner" daemon [_thread_blocked, id=7324, stack(0x0000007e03200000,0x0000007e03300000)]
  0x00000198bb4667d0 JavaThread "Monitor Ctrl-Break" daemon [_thread_in_native, id=11456, stack(0x0000007e03300000,0x0000007e03400000)]
  0x00000198bb3da2d0 JavaThread "Notification Thread" daemon [_thread_blocked, id=1816, stack(0x0000007e03400000,0x0000007e03500000)]

Other Threads:
  0x00000198bb158d50 VMThread "VM Thread" [stack: 0x0000007e02900000,0x0000007e02a00000] [id=15484]
  0x00000198bb3da7a0 WatcherThread [stack: 0x0000007e03500000,0x0000007e03600000] [id=7348]
  0x000001989edca3c0 GCTaskThread "GC Thread#0" [stack: 0x0000007e02400000,0x0000007e02500000] [id=8928]
  0x00000198bbbdb070 GCTaskThread "GC Thread#1" [stack: 0x0000007e03600000,0x0000007e03700000] [id=12608]
  0x000001989edd3150 ConcurrentGCThread "G1 Main Marker" [stack: 0x0000007e02500000,0x0000007e02600000] [id=7212]
  0x000001989edd4d50 ConcurrentGCThread "G1 Conc#0" [stack: 0x0000007e02600000,0x0000007e02700000] [id=16380]
  0x000001989ee22bb0 ConcurrentGCThread "G1 Refine#0" [stack: 0x0000007e02700000,0x0000007e02800000] [id=8664]
  0x00000198bbad7790 ConcurrentGCThread "G1 Refine#1" [stack: 0x0000007e03700000,0x0000007e03800000] [id=9924]
  0x000001989ee237b0 ConcurrentGCThread "G1 Young RemSet Sampling" [stack: 0x0000007e02800000,0x0000007e02900000] [id=12292]

Threads with active compile tasks:
C2 CompilerThread0     5039 1583       4       java.net.URLStreamHandler::parseURL (1201 bytes)

VM state: not at safepoint (normal execution)

VM Mutex/Monitor currently owned by a thread: None

Heap address: 0x00000000c1e00000, size: 994 MB, Compressed Oops mode: 32-bit
CDS archive(s) mapped at: [0x0000000800000000-0x0000000800b50000-0x0000000800b50000), size 11862016, SharedBaseAddress: 0x0000000800000000, ArchiveRelocationMode: 0.
Compressed class space mapped at: 0x0000000800b50000-0x0000000840b50000, size: 1073741824
Narrow klass base: 0x0000000800000000, Narrow klass shift: 3, Narrow klass range: 0x100000000

GC Precious Log:
 CPUs: 4 total, 4 available
 Memory: 3969M
 Large Page Support: Disabled
 NUMA Support: Disabled
 Compressed Oops: Enabled (32-bit)
 Heap Region Size: 1M
 Heap Min Capacity: 8M
 Heap Initial Capacity: 64M
 Heap Max Capacity: 994M
 Pre-touch: Disabled
 Parallel Workers: 4
 Concurrent Workers: 1
 Concurrent Refinement Workers: 4
 Periodic GC: Disabled

Heap:
 garbage-first heap   total 65536K, used 9049K [0x00000000c1e00000, 0x0000000100000000)
  region size 1024K, 5 young (5120K), 2 survivors (2048K)
 Metaspace       used 10616K, capacity 11883K, committed 12032K, reserved 1058816K
  class space    used 1643K, capacity 1730K, committed 1792K, reserved 1048576K

Heap Regions: E=young(eden), S=young(survivor), O=old, HS=humongous(starts), HC=humongous(continues), CS=collection set, F=free, OA=open archive, CA=closed archive, TAMS=top-at-mark-start (previous, next)
|   0|0x00000000c1e00000, 0x00000000c1f00000, 0x00000000c1f00000|100%| O|  |TAMS 0x00000000c1e00000, 0x00000000c1e00000| Untracked 
|   1|0x00000000c1f00000, 0x00000000c2000000, 0x00000000c2000000|100%| O|  |TAMS 0x00000000c1f00000, 0x00000000c1f00000| Untracked 
|   2|0x00000000c2000000, 0x00000000c2100000, 0x00000000c2100000|100%| O|  |TAMS 0x00000000c2000000, 0x00000000c2000000| Untracked 
|   3|0x00000000c2100000, 0x00000000c2200000, 0x00000000c2200000|100%| O|  |TAMS 0x00000000c2100000, 0x00000000c2100000| Untracked 
|   4|0x00000000c2200000, 0x00000000c2300000, 0x00000000c2300000|100%| O|  |TAMS 0x00000000c2200000, 0x00000000c2200000| Untracked 
|   5|0x00000000c2300000, 0x00000000c235f800, 0x00000000c2400000| 37%| O|  |TAMS 0x00000000c2300000, 0x00000000c2300000| Untracked 
|   6|0x00000000c2400000, 0x00000000c2400000, 0x00000000c2500000|  0%| F|  |TAMS 0x00000000c2400000, 0x00000000c2400000| Untracked 
|   7|0x00000000c2500000, 0x00000000c2500000, 0x00000000c2600000|  0%| F|  |TAMS 0x00000000c2500000, 0x00000000c2500000| Untracked 
|   8|0x00000000c2600000, 0x00000000c2600000, 0x00000000c2700000|  0%| F|  |TAMS 0x00000000c2600000, 0x00000000c2600000| Untracked 
|   9|0x00000000c2700000, 0x00000000c2700000, 0x00000000c2800000|  0%| F|  |TAMS 0x00000000c2700000, 0x00000000c2700000| Untracked 
|  10|0x00000000c2800000, 0x00000000c2800000, 0x00000000c2900000|  0%| F|  |TAMS 0x00000000c2800000, 0x00000000c2800000| Untracked 
|  11|0x00000000c2900000, 0x00000000c2900000, 0x00000000c2a00000|  0%| F|  |TAMS 0x00000000c2900000, 0x00000000c2900000| Untracked 
|  12|0x00000000c2a00000, 0x00000000c2a00000, 0x00000000c2b00000|  0%| F|  |TAMS 0x00000000c2a00000, 0x00000000c2a00000| Untracked 
|  13|0x00000000c2b00000, 0x00000000c2b00000, 0x00000000c2c00000|  0%| F|  |TAMS 0x00000000c2b00000, 0x00000000c2b00000| Untracked 
|  14|0x00000000c2c00000, 0x00000000c2c00000, 0x00000000c2d00000|  0%| F|  |TAMS 0x00000000c2c00000, 0x00000000c2c00000| Untracked 
|  15|0x00000000c2d00000, 0x00000000c2d00000, 0x00000000c2e00000|  0%| F|  |TAMS 0x00000000c2d00000, 0x00000000c2d00000| Untracked 
|  16|0x00000000c2e00000, 0x00000000c2e00000, 0x00000000c2f00000|  0%| F|  |TAMS 0x00000000c2e00000, 0x00000000c2e00000| Untracked 
|  17|0x00000000c2f00000, 0x00000000c2f00000, 0x00000000c3000000|  0%| F|  |TAMS 0x00000000c2f00000, 0x00000000c2f00000| Untracked 
|  18|0x00000000c3000000, 0x00000000c3000000, 0x00000000c3100000|  0%| F|  |TAMS 0x00000000c3000000, 0x00000000c3000000| Untracked 
|  19|0x00000000c3100000, 0x00000000c3100000, 0x00000000c3200000|  0%| F|  |TAMS 0x00000000c3100000, 0x00000000c3100000| Untracked 
|  20|0x00000000c3200000, 0x00000000c3200000, 0x00000000c3300000|  0%| F|  |TAMS 0x00000000c3200000, 0x00000000c3200000| Untracked 
|  21|0x00000000c3300000, 0x00000000c3300000, 0x00000000c3400000|  0%| F|  |TAMS 0x00000000c3300000, 0x00000000c3300000| Untracked 
|  22|0x00000000c3400000, 0x00000000c3400000, 0x00000000c3500000|  0%| F|  |TAMS 0x00000000c3400000, 0x00000000c3400000| Untracked 
|  23|0x00000000c3500000, 0x00000000c3500000, 0x00000000c3600000|  0%| F|  |TAMS 0x00000000c3500000, 0x00000000c3500000| Untracked 
|  24|0x00000000c3600000, 0x00000000c3600000, 0x00000000c3700000|  0%| F|  |TAMS 0x00000000c3600000, 0x00000000c3600000| Untracked 
|  25|0x00000000c3700000, 0x00000000c3700000, 0x00000000c3800000|  0%| F|  |TAMS 0x00000000c3700000, 0x00000000c3700000| Untracked 
|  26|0x00000000c3800000, 0x00000000c3800000, 0x00000000c3900000|  0%| F|  |TAMS 0x00000000c3800000, 0x00000000c3800000| Untracked 
|  27|0x00000000c3900000, 0x00000000c3900000, 0x00000000c3a00000|  0%| F|  |TAMS 0x00000000c3900000, 0x00000000c3900000| Untracked 
|  28|0x00000000c3a00000, 0x00000000c3a00000, 0x00000000c3b00000|  0%| F|  |TAMS 0x00000000c3a00000, 0x00000000c3a00000| Untracked 
|  29|0x00000000c3b00000, 0x00000000c3b00000, 0x00000000c3c00000|  0%| F|  |TAMS 0x00000000c3b00000, 0x00000000c3b00000| Untracked 
|  30|0x00000000c3c00000, 0x00000000c3c00000, 0x00000000c3d00000|  0%| F|  |TAMS 0x00000000c3c00000, 0x00000000c3c00000| Untracked 
|  31|0x00000000c3d00000, 0x00000000c3d00000, 0x00000000c3e00000|  0%| F|  |TAMS 0x00000000c3d00000, 0x00000000c3d00000| Untracked 
|  32|0x00000000c3e00000, 0x00000000c3e00000, 0x00000000c3f00000|  0%| F|  |TAMS 0x00000000c3e00000, 0x00000000c3e00000| Untracked 
|  33|0x00000000c3f00000, 0x00000000c3f00000, 0x00000000c4000000|  0%| F|  |TAMS 0x00000000c3f00000, 0x00000000c3f00000| Untracked 
|  34|0x00000000c4000000, 0x00000000c4000000, 0x00000000c4100000|  0%| F|  |TAMS 0x00000000c4000000, 0x00000000c4000000| Untracked 
|  35|0x00000000c4100000, 0x00000000c4100000, 0x00000000c4200000|  0%| F|  |TAMS 0x00000000c4100000, 0x00000000c4100000| Untracked 
|  36|0x00000000c4200000, 0x00000000c4200000, 0x00000000c4300000|  0%| F|  |TAMS 0x00000000c4200000, 0x00000000c4200000| Untracked 
|  37|0x00000000c4300000, 0x00000000c4300000, 0x00000000c4400000|  0%| F|  |TAMS 0x00000000c4300000, 0x00000000c4300000| Untracked 
|  38|0x00000000c4400000, 0x00000000c4400000, 0x00000000c4500000|  0%| F|  |TAMS 0x00000000c4400000, 0x00000000c4400000| Untracked 
|  39|0x00000000c4500000, 0x00000000c4500000, 0x00000000c4600000|  0%| F|  |TAMS 0x00000000c4500000, 0x00000000c4500000| Untracked 
|  40|0x00000000c4600000, 0x00000000c4676d90, 0x00000000c4700000| 46%| S|CS|TAMS 0x00000000c4600000, 0x00000000c4600000| Complete 
|  41|0x00000000c4700000, 0x00000000c4800000, 0x00000000c4800000|100%| S|CS|TAMS 0x00000000c4700000, 0x00000000c4700000| Complete 
|  42|0x00000000c4800000, 0x00000000c4800000, 0x00000000c4900000|  0%| F|  |TAMS 0x00000000c4800000, 0x00000000c4800000| Untracked 
|  43|0x00000000c4900000, 0x00000000c4900000, 0x00000000c4a00000|  0%| F|  |TAMS 0x00000000c4900000, 0x00000000c4900000| Untracked 
|  44|0x00000000c4a00000, 0x00000000c4a00000, 0x00000000c4b00000|  0%| F|  |TAMS 0x00000000c4a00000, 0x00000000c4a00000| Untracked 
|  45|0x00000000c4b00000, 0x00000000c4b00000, 0x00000000c4c00000|  0%| F|  |TAMS 0x00000000c4b00000, 0x00000000c4b00000| Untracked 
|  46|0x00000000c4c00000, 0x00000000c4c00000, 0x00000000c4d00000|  0%| F|  |TAMS 0x00000000c4c00000, 0x00000000c4c00000| Untracked 
|  47|0x00000000c4d00000, 0x00000000c4d00000, 0x00000000c4e00000|  0%| F|  |TAMS 0x00000000c4d00000, 0x00000000c4d00000| Untracked 
|  48|0x00000000c4e00000, 0x00000000c4e00000, 0x00000000c4f00000|  0%| F|  |TAMS 0x00000000c4e00000, 0x00000000c4e00000| Untracked 
|  49|0x00000000c4f00000, 0x00000000c4f00000, 0x00000000c5000000|  0%| F|  |TAMS 0x00000000c4f00000, 0x00000000c4f00000| Untracked 
|  50|0x00000000c5000000, 0x00000000c5000000, 0x00000000c5100000|  0%| F|  |TAMS 0x00000000c5000000, 0x00000000c5000000| Untracked 
|  51|0x00000000c5100000, 0x00000000c5100000, 0x00000000c5200000|  0%| F|  |TAMS 0x00000000c5100000, 0x00000000c5100000| Untracked 
|  52|0x00000000c5200000, 0x00000000c5200000, 0x00000000c5300000|  0%| F|  |TAMS 0x00000000c5200000, 0x00000000c5200000| Untracked 
|  53|0x00000000c5300000, 0x00000000c5300000, 0x00000000c5400000|  0%| F|  |TAMS 0x00000000c5300000, 0x00000000c5300000| Untracked 
|  54|0x00000000c5400000, 0x00000000c5400000, 0x00000000c5500000|  0%| F|  |TAMS 0x00000000c5400000, 0x00000000c5400000| Untracked 
|  55|0x00000000c5500000, 0x00000000c5500000, 0x00000000c5600000|  0%| F|  |TAMS 0x00000000c5500000, 0x00000000c5500000| Untracked 
|  56|0x00000000c5600000, 0x00000000c5600000, 0x00000000c5700000|  0%| F|  |TAMS 0x00000000c5600000, 0x00000000c5600000| Untracked 
|  57|0x00000000c5700000, 0x00000000c5700000, 0x00000000c5800000|  0%| F|  |TAMS 0x00000000c5700000, 0x00000000c5700000| Untracked 
|  58|0x00000000c5800000, 0x00000000c5800000, 0x00000000c5900000|  0%| F|  |TAMS 0x00000000c5800000, 0x00000000c5800000| Untracked 
|  59|0x00000000c5900000, 0x00000000c5900000, 0x00000000c5a00000|  0%| F|  |TAMS 0x00000000c5900000, 0x00000000c5900000| Untracked 
|  60|0x00000000c5a00000, 0x00000000c5a00000, 0x00000000c5b00000|  0%| F|  |TAMS 0x00000000c5a00000, 0x00000000c5a00000| Untracked 
|  61|0x00000000c5b00000, 0x00000000c5c00000, 0x00000000c5c00000|100%| E|  |TAMS 0x00000000c5b00000, 0x00000000c5b00000| Complete 
|  62|0x00000000c5c00000, 0x00000000c5d00000, 0x00000000c5d00000|100%| E|CS|TAMS 0x00000000c5c00000, 0x00000000c5c00000| Complete 
|  63|0x00000000c5d00000, 0x00000000c5e00000, 0x00000000c5e00000|100%| E|CS|TAMS 0x00000000c5d00000, 0x00000000c5d00000| Complete 

Card table byte_map: [0x00000198b61d0000,0x00000198b63d0000] _byte_map_base: 0x00000198b5bc1000

Marking Bits (Prev, Next): (CMBitMap*) 0x000001989edcabb0, (CMBitMap*) 0x000001989edcabf0
 Prev Bits: [0x00000198b65d0000, 0x00000198b7558000)
 Next Bits: [0x00000198b7560000, 0x00000198b84e8000)

Polling page: 0x000001989ccd0000

Metaspace:

Usage:
  Non-class:      9.92 MB capacity,     8.76 MB ( 88%) used,     1.14 MB ( 11%) free+waste,    13.00 KB ( <1%) overhead. 
      Class:      1.69 MB capacity,     1.60 MB ( 95%) used,    80.73 KB (  5%) free+waste,     6.25 KB ( <1%) overhead. 
       Both:     11.60 MB capacity,    10.37 MB ( 89%) used,     1.22 MB ( 10%) free+waste,    19.25 KB ( <1%) overhead. 

Virtual space:
  Non-class space:       10.00 MB reserved,      10.00 MB (100%) committed 
      Class space:        1.00 GB reserved,       1.75 MB ( <1%) committed 
             Both:        1.01 GB reserved,      11.75 MB (  1%) committed 

Chunk freelists:
   Non-Class:  23.00 KB
       Class:  30.00 KB
        Both:  53.00 KB

MaxMetaspaceSize: 17179869184.00 GB
CompressedClassSpaceSize: 1.00 GB

CodeHeap 'non-profiled nmethods': size=120000Kb used=601Kb max_used=601Kb free=119398Kb
 bounds [0x00000198aeaa0000, 0x00000198aed10000, 0x00000198b5fd0000]
CodeHeap 'profiled nmethods': size=120000Kb used=2830Kb max_used=2830Kb free=117169Kb
 bounds [0x00000198a7570000, 0x00000198a7840000, 0x00000198aeaa0000]
CodeHeap 'non-nmethods': size=5760Kb used=1176Kb max_used=1215Kb free=4583Kb
 bounds [0x00000198a6fd0000, 0x00000198a7240000, 0x00000198a7570000]
 total_blobs=2043 nmethods=1614 adapters=341
 compilation: enabled
              stopped_count=0, restarted_count=0
 full_count=0

Compilation events (20 events):
Event: 4.847 Thread 0x00000198bb183bc0 nmethod 1578 0x00000198aeb35990 code [0x00000198aeb35b00, 0x00000198aeb35b78]
Event: 4.851 Thread 0x00000198bb184760 1579       3       jdk.internal.org.objectweb.asm.MethodVisitor::visitInsn (16 bytes)
Event: 4.851 Thread 0x00000198bb184760 nmethod 1579 0x00000198a7825f90 code [0x00000198a7826140, 0x00000198a7826348]
Event: 4.851 Thread 0x00000198bb184760 1580       1       java.util.stream.ReduceOps$Box::get (5 bytes)
Event: 4.851 Thread 0x00000198bb184760 nmethod 1580 0x00000198aeb35c90 code [0x00000198aeb35e20, 0x00000198aeb35ed8]
Event: 4.852 Thread 0x00000198bb184760 1581       3       java.lang.Class$Atomic::casReflectionData (13 bytes)
Event: 4.853 Thread 0x00000198bb184760 nmethod 1581 0x00000198a7826410 code [0x00000198a78265a0, 0x00000198a78266d8]
Event: 4.855 Thread 0x00000198bb184760 1582       3       java.util.Collections$UnmodifiableCollection::contains (11 bytes)
Event: 4.855 Thread 0x00000198bb184760 nmethod 1582 0x00000198a7826790 code [0x00000198a7826940, 0x00000198a7826b08]
Event: 4.862 Thread 0x00000198bb183bc0 1583       4       java.net.URLStreamHandler::parseURL (1201 bytes)
Event: 4.883 Thread 0x00000198bb184760 1585       3       java.lang.Byte::<init> (10 bytes)
Event: 4.883 Thread 0x00000198bb184760 nmethod 1585 0x00000198a7826c10 code [0x00000198a7826dc0, 0x00000198a7826f78]
Event: 4.884 Thread 0x00000198bb184760 1586       3       java.lang.Short::<init> (10 bytes)
Event: 4.884 Thread 0x00000198bb184760 nmethod 1586 0x00000198a7827090 code [0x00000198a7827240, 0x00000198a78273f8]
Event: 4.890 Thread 0x00000198bb184760 1587       1       java.lang.ClassLoader::getUnnamedModule (5 bytes)
Event: 4.890 Thread 0x00000198bb184760 nmethod 1587 0x00000198aeb35f90 code [0x00000198aeb36120, 0x00000198aeb361d8]
Event: 4.922 Thread 0x00000198bb184760 1588       3       java.lang.String::codePointAt (50 bytes)
Event: 4.922 Thread 0x00000198bb184760 nmethod 1588 0x00000198a7827510 code [0x00000198a78276e0, 0x00000198a7827a68]
Event: 4.925 Thread 0x00000198bb184760 1589       3       java.lang.PublicMethods$Key::hashCode (19 bytes)
Event: 4.926 Thread 0x00000198bb184760 nmethod 1589 0x00000198a7827c10 code [0x00000198a7827dc0, 0x00000198a7827f38]

GC Heap History (6 events):
Event: 2.570 GC heap before
{Heap before GC invocations=0 (full 0):
 garbage-first heap   total 65536K, used 12288K [0x00000000c1e00000, 0x0000000100000000)
  region size 1024K, 13 young (13312K), 0 survivors (0K)
 Metaspace       used 3352K, capacity 5594K, committed 5760K, reserved 1056768K
  class space    used 363K, capacity 541K, committed 640K, reserved 1048576K
}
Event: 2.615 GC heap after
{Heap after GC invocations=1 (full 0):
 garbage-first heap   total 65536K, used 5260K [0x00000000c1e00000, 0x0000000100000000)
  region size 1024K, 2 young (2048K), 2 survivors (2048K)
 Metaspace       used 3352K, capacity 5594K, committed 5760K, reserved 1056768K
  class space    used 363K, capacity 541K, committed 640K, reserved 1048576K
}
Event: 3.455 GC heap before
{Heap before GC invocations=1 (full 0):
 garbage-first heap   total 65536K, used 14476K [0x00000000c1e00000, 0x0000000100000000)
  region size 1024K, 11 young (11264K), 2 survivors (2048K)
 Metaspace       used 5362K, capacity 7046K, committed 7296K, reserved 1056768K
  class space    used 679K, capacity 851K, committed 896K, reserved 1048576K
}
Event: 3.463 GC heap after
{Heap after GC invocations=2 (full 0):
 garbage-first heap   total 65536K, used 6094K [0x00000000c1e00000, 0x0000000100000000)
  region size 1024K, 1 young (1024K), 1 survivors (1024K)
 Metaspace       used 5362K, capacity 7046K, committed 7296K, reserved 1056768K
  class space    used 679K, capacity 851K, committed 896K, reserved 1048576K
}
Event: 4.784 GC heap before
{Heap before GC invocations=2 (full 0):
 garbage-first heap   total 65536K, used 27598K [0x00000000c1e00000, 0x0000000100000000)
  region size 1024K, 22 young (22528K), 1 survivors (1024K)
 Metaspace       used 10043K, capacity 11365K, committed 11520K, reserved 1058816K
  class space    used 1553K, capacity 1665K, committed 1792K, reserved 1048576K
}
Event: 4.791 GC heap after
{Heap after GC invocations=3 (full 0):
 garbage-first heap   total 65536K, used 7001K [0x00000000c1e00000, 0x0000000100000000)
  region size 1024K, 2 young (2048K), 2 survivors (2048K)
 Metaspace       used 10043K, capacity 11365K, committed 11520K, reserved 1058816K
  class space    used 1553K, capacity 1665K, committed 1792K, reserved 1048576K
}

Deoptimization events (20 events):
Event: 3.913 Thread 0x000001989ed9b790 DEOPT PACKING pc=0x00000198aeafbef4 sp=0x0000007e023f8350
Event: 3.913 Thread 0x000001989ed9b790 DEOPT UNPACKING pc=0x00000198a701e42f sp=0x0000007e023f82c8 mode 2
Event: 3.920 Thread 0x000001989ed9b790 Uncommon trap: trap_request=0xffffffde fr.pc=0x00000198aeafbef4 relative=0x00000000000003b4
Event: 3.920 Thread 0x000001989ed9b790 Uncommon trap: reason=class_check action=maybe_recompile pc=0x00000198aeafbef4 method=java.util.HashMap.getNode(Ljava/lang/Object;)Ljava/util/HashMap$Node; @ 63 c2
Event: 3.920 Thread 0x000001989ed9b790 DEOPT PACKING pc=0x00000198aeafbef4 sp=0x0000007e023f8350
Event: 3.920 Thread 0x000001989ed9b790 DEOPT UNPACKING pc=0x00000198a701e42f sp=0x0000007e023f82c8 mode 2
Event: 3.920 Thread 0x000001989ed9b790 Uncommon trap: trap_request=0xffffffde fr.pc=0x00000198aeafbef4 relative=0x00000000000003b4
Event: 3.920 Thread 0x000001989ed9b790 Uncommon trap: reason=class_check action=maybe_recompile pc=0x00000198aeafbef4 method=java.util.HashMap.getNode(Ljava/lang/Object;)Ljava/util/HashMap$Node; @ 63 c2
Event: 3.920 Thread 0x000001989ed9b790 DEOPT PACKING pc=0x00000198aeafbef4 sp=0x0000007e023f8350
Event: 3.920 Thread 0x000001989ed9b790 DEOPT UNPACKING pc=0x00000198a701e42f sp=0x0000007e023f82c8 mode 2
Event: 3.921 Thread 0x000001989ed9b790 Uncommon trap: trap_request=0xffffffde fr.pc=0x00000198aeafbef4 relative=0x00000000000003b4
Event: 3.921 Thread 0x000001989ed9b790 Uncommon trap: reason=class_check action=maybe_recompile pc=0x00000198aeafbef4 method=java.util.HashMap.getNode(Ljava/lang/Object;)Ljava/util/HashMap$Node; @ 63 c2
Event: 3.921 Thread 0x000001989ed9b790 DEOPT PACKING pc=0x00000198aeafbef4 sp=0x0000007e023f8350
Event: 3.921 Thread 0x000001989ed9b790 DEOPT UNPACKING pc=0x00000198a701e42f sp=0x0000007e023f82c8 mode 2
Event: 4.252 Thread 0x000001989ed9b790 DEOPT PACKING pc=0x00000198a76a387f sp=0x0000007e023f8920
Event: 4.252 Thread 0x000001989ed9b790 DEOPT UNPACKING pc=0x00000198a701e23f sp=0x0000007e023f7da8 mode 0
Event: 4.422 Thread 0x000001989ed9b790 DEOPT PACKING pc=0x00000198a76a387f sp=0x0000007e023f5740
Event: 4.422 Thread 0x000001989ed9b790 DEOPT UNPACKING pc=0x00000198a701e23f sp=0x0000007e023f4bc8 mode 0
Event: 4.547 Thread 0x000001989ed9b790 DEOPT PACKING pc=0x00000198a75f7655 sp=0x0000007e023f9450
Event: 4.547 Thread 0x000001989ed9b790 DEOPT UNPACKING pc=0x00000198a701e23f sp=0x0000007e023f88b0 mode 0

Classes unloaded (0 events):
No events

Classes redefined (0 events):
No events

Internal exceptions (20 events):
Event: 2.711 Thread 0x000001989ed9b790 Exception <a 'java/lang/NoSuchMethodError'{0x00000000c5c98c10}: 'void java.lang.invoke.DirectMethodHandle$Holder.invokeInterface(java.lang.Object, java.lang.Object, java.lang.Object)'> (0x00000000c5c98c10) 
thrown [./open/src/hotspot/share/interpreter/linkResolver.cpp, line 782]
Event: 2.742 Thread 0x000001989ed9b790 Exception <a 'java/lang/NoSuchMethodError'{0x00000000c5ce46d0}: 'java.lang.Object java.lang.invoke.DirectMethodHandle$Holder.newInvokeSpecial(java.lang.Object, java.lang.Object, java.lang.Object, java.lang.Object, java.lang.Object, java.lang.Object)'> (0x00000000c5ce46d0) 
thrown [./open/src/hotspot/share/interpreter/linkResolver.cpp, line 782]
Event: 2.754 Thread 0x000001989ed9b790 Exception <a 'java/lang/NoSuchMethodError'{0x00000000c5b2a880}: 'void java.lang.invoke.DirectMethodHandle$Holder.invokeInterface(java.lang.Object, java.lang.Object, java.lang.Object, java.lang.Object, java.lang.Object)'> (0x00000000c5b2a880) 
thrown [./open/src/hotspot/share/interpreter/linkResolver.cpp, line 782]
Event: 2.754 Thread 0x000001989ed9b790 Exception <a 'java/lang/IncompatibleClassChangeError'{0x00000000c5b2e750}: Found class java.lang.Object, but interface was expected> (0x00000000c5b2e750) 
thrown [./open/src/hotspot/share/interpreter/linkResolver.cpp, line 848]
Event: 2.790 Thread 0x000001989ed9b790 Exception <a 'java/lang/IncompatibleClassChangeError'{0x00000000c5b6d9b8}: Found class java.lang.Object, but interface was expected> (0x00000000c5b6d9b8) 
thrown [./open/src/hotspot/share/interpreter/linkResolver.cpp, line 848]
Event: 2.800 Thread 0x000001989ed9b790 Exception <a 'java/lang/NoSuchMethodError'{0x00000000c5b922a0}: 'void java.lang.invoke.DirectMethodHandle$Holder.invokeSpecial(java.lang.Object, java.lang.Object, java.lang.Object, java.lang.Object, java.lang.Object)'> (0x00000000c5b922a0) 
thrown [./open/src/hotspot/share/interpreter/linkResolver.cpp, line 782]
Event: 2.838 Thread 0x000001989ed9b790 Exception <a 'java/lang/NoSuchMethodError'{0x00000000c5a039f0}: 'void java.lang.invoke.DirectMethodHandle$Holder.invokeInterface(java.lang.Object, java.lang.Object, java.lang.Object, java.lang.Object)'> (0x00000000c5a039f0) 
thrown [./open/src/hotspot/share/interpreter/linkResolver.cpp, line 782]
Event: 2.839 Thread 0x000001989ed9b790 Exception <a 'java/lang/IncompatibleClassChangeError'{0x00000000c5a07518}: Found class java.lang.Object, but interface was expected> (0x00000000c5a07518) 
thrown [./open/src/hotspot/share/interpreter/linkResolver.cpp, line 848]
Event: 2.846 Thread 0x000001989ed9b790 Exception <a 'java/lang/NoSuchMethodError'{0x00000000c5a1ff88}: 'void java.lang.invoke.DirectMethodHandle$Holder.invokeStatic(java.lang.Object, java.lang.Object, java.lang.Object, java.lang.Object)'> (0x00000000c5a1ff88) 
thrown [./open/src/hotspot/share/interpreter/linkResolver.cpp, line 782]
Event: 2.855 Thread 0x000001989ed9b790 Exception <a 'java/lang/NoSuchMethodError'{0x00000000c5a32950}: 'java.lang.Object java.lang.invoke.DirectMethodHandle$Holder.invokeVirtual(java.lang.Object, java.lang.Object, java.lang.Object)'> (0x00000000c5a32950) 
thrown [./open/src/hotspot/share/interpreter/linkResolver.cpp, line 782]
Event: 2.935 Thread 0x000001989ed9b790 Exception <a 'java/lang/NoSuchMethodError'{0x00000000c5ad9b18}: 'int java.lang.invoke.DirectMethodHandle$Holder.invokeStatic(java.lang.Object, java.lang.Object, java.lang.Object, java.lang.Object)'> (0x00000000c5ad9b18) 
thrown [./open/src/hotspot/share/interpreter/linkResolver.cpp, line 782]
Event: 2.935 Thread 0x000001989ed9b790 Exception <a 'java/lang/NoSuchMethodError'{0x00000000c5add670}: 'java.lang.Object java.lang.invoke.Invokers$Holder.invokeExact_MT(java.lang.Object, java.lang.Object, java.lang.Object, java.lang.Object, java.lang.Object, java.lang.Object)'> (0x00000000c5add670) 
thrown [./open/src/hotspot/share/interpreter/linkResolver.cpp, line 782]
Event: 2.939 Thread 0x000001989ed9b790 Exception <a 'java/lang/NoSuchMethodError'{0x00000000c5aed7a8}: 'int java.lang.invoke.DirectMethodHandle$Holder.invokeStatic(java.lang.Object, java.lang.Object, java.lang.Object, java.lang.Object, java.lang.Object)'> (0x00000000c5aed7a8) 
thrown [./open/src/hotspot/share/interpreter/linkResolver.cpp, line 782]
Event: 3.063 Thread 0x000001989ed9b790 Exception <a 'java/lang/NoSuchMethodError'{0x00000000c5824908}: 'int java.lang.invoke.DirectMethodHandle$Holder.invokeStaticInit(java.lang.Object, java.lang.Object, java.lang.Object)'> (0x00000000c5824908) 
thrown [./open/src/hotspot/share/interpreter/linkResolver.cpp, line 782]
Event: 3.138 Thread 0x000001989ed9b790 Exception <a 'java/lang/NoSuchMethodError'{0x00000000c58d8f40}: 'java.lang.Object java.lang.invoke.DirectMethodHandle$Holder.newInvokeSpecial(java.lang.Object, java.lang.Object, java.lang.Object, java.lang.Object, java.lang.Object, java.lang.Object, java.lang.Object)'> (0x00000000c58d8f40) 
thrown [./open/src/hotspot/share/interpreter/linkResolver.cpp, line 782]
Event: 3.139 Thread 0x000001989ed9b790 Exception <a 'java/lang/NoSuchMethodError'{0x00000000c58dda50}: 'java.lang.Object java.lang.invoke.Invokers$Holder.linkToTargetMethod(java.lang.Object, java.lang.Object, java.lang.Object, java.lang.Object, java.lang.Object, java.lang.Object, java.lang.Object)'> (0x00000000c58dda50) 
thrown [./open/src/hotspot/share/interpreter/linkResolver.cpp, line 782]
Event: 3.142 Thread 0x000001989ed9b790 Exception <a 'java/lang/NoSuchMethodError'{0x00000000c58e98b8}: 'java.lang.Object java.lang.invoke.DirectMethodHandle$Holder.invokeInterface(java.lang.Object, java.lang.Object, java.lang.Object, java.lang.Object, java.lang.Object)'> (0x00000000c58e98b8) 
thrown [./open/src/hotspot/share/interpreter/linkResolver.cpp, line 782]
Event: 3.143 Thread 0x000001989ed9b790 Exception <a 'java/lang/IncompatibleClassChangeError'{0x00000000c58ed608}: Found class java.lang.Object, but interface was expected> (0x00000000c58ed608) 
thrown [./open/src/hotspot/share/interpreter/linkResolver.cpp, line 848]
Event: 3.168 Thread 0x000001989ed9b790 Exception <a 'java/lang/IncompatibleClassChangeError'{0x00000000c5752c18}: Found class java.lang.Object, but interface was expected> (0x00000000c5752c18) 
thrown [./open/src/hotspot/share/interpreter/linkResolver.cpp, line 848]
Event: 4.413 Thread 0x000001989ed9b790 Exception <a 'java/lang/ClassNotFoundException'{0x00000000c4e88a58}: java/lang/ClassLoader$ByteBuddyAccessor$ERKd5RhZ> (0x00000000c4e88a58) 
thrown [./open/src/hotspot/share/classfile/systemDictionary.cpp, line 295]

Events (20 events):
Event: 4.812 loading class sun/reflect/ReflectionFactory
Event: 4.812 loading class sun/reflect/ReflectionFactory done
Event: 4.812 loading class sun/reflect/ReflectionFactory$1
Event: 4.812 loading class sun/reflect/ReflectionFactory$1 done
Event: 4.812 loading class java/io/OptionalDataException
Event: 4.812 loading class java/io/OptionalDataException done
Event: 4.813 loading class jdk/internal/reflect/SerializationConstructorAccessorImpl
Event: 4.813 loading class jdk/internal/reflect/SerializationConstructorAccessorImpl done
Event: 4.822 loading class java/util/Stack
Event: 4.822 loading class java/util/Stack done
Event: 4.883 loading class java/lang/Byte$ByteCache
Event: 4.883 loading class java/lang/Byte$ByteCache done
Event: 4.883 loading class java/lang/Short$ShortCache
Event: 4.883 loading class java/lang/Short$ShortCache done
Event: 4.919 loading class java/util/concurrent/ConcurrentLinkedQueue
Event: 4.920 loading class java/util/AbstractQueue
Event: 4.920 loading class java/util/AbstractQueue done
Event: 4.920 loading class java/util/concurrent/ConcurrentLinkedQueue done
Event: 4.920 loading class java/util/concurrent/ConcurrentLinkedQueue$Node
Event: 4.920 loading class java/util/concurrent/ConcurrentLinkedQueue$Node done


Dynamic libraries:
0x00007ff74ce30000 - 0x00007ff74ce3d000 	C:\Users\Николай\.jdks\openjdk-15.0.2\bin\java.exe
0x00007ffa808d0000 - 0x00007ffa80ac5000 	C:\WINDOWS\SYSTEM32\ntdll.dll
0x00007ffa80210000 - 0x00007ffa802cd000 	C:\WINDOWS\System32\KERNEL32.DLL
0x00007ffa7e200000 - 0x00007ffa7e4c9000 	C:\WINDOWS\System32\KERNELBASE.dll
0x00007ffa7e830000 - 0x00007ffa7e930000 	C:\WINDOWS\System32\ucrtbase.dll
0x00007ffa71260000 - 0x00007ffa71278000 	C:\Users\Николай\.jdks\openjdk-15.0.2\bin\jli.dll
0x00007ffa7e950000 - 0x00007ffa7eaf0000 	C:\WINDOWS\System32\USER32.dll
0x00007ffa7e580000 - 0x00007ffa7e5a2000 	C:\WINDOWS\System32\win32u.dll
0x00007ffa7ec20000 - 0x00007ffa7ec4a000 	C:\WINDOWS\System32\GDI32.dll
0x00007ffa7e070000 - 0x00007ffa7e17b000 	C:\WINDOWS\System32\gdi32full.dll
0x00007ffa7e5b0000 - 0x00007ffa7e64d000 	C:\WINDOWS\System32\msvcp_win.dll
0x00007ffa70e00000 - 0x00007ffa70e19000 	C:\Users\Николай\.jdks\openjdk-15.0.2\bin\VCRUNTIME140.dll
0x00007ffa666a0000 - 0x00007ffa6693a000 	C:\WINDOWS\WinSxS\amd64_microsoft.windows.common-controls_6595b64144ccf1df_6.0.19041.844_none_ca00b6081b84eb1d\COMCTL32.dll
0x00007ffa7f6e0000 - 0x00007ffa7f77e000 	C:\WINDOWS\System32\msvcrt.dll
0x00007ffa7f6a0000 - 0x00007ffa7f6d0000 	C:\WINDOWS\System32\IMM32.DLL
0x00007ffa73a20000 - 0x00007ffa73a2c000 	C:\Users\Николай\.jdks\openjdk-15.0.2\bin\vcruntime140_1.dll
0x00007ffa5a750000 - 0x00007ffa5a7e1000 	C:\Users\Николай\.jdks\openjdk-15.0.2\bin\msvcp140.dll
0x00007ffa44ec0000 - 0x00007ffa45a1e000 	C:\Users\Николай\.jdks\openjdk-15.0.2\bin\server\jvm.dll
0x00007ffa7faa0000 - 0x00007ffa7fb4c000 	C:\WINDOWS\System32\ADVAPI32.dll
0x00007ffa7fb50000 - 0x00007ffa7fbec000 	C:\WINDOWS\System32\sechost.dll
0x00007ffa7eaf0000 - 0x00007ffa7ec1b000 	C:\WINDOWS\System32\RPCRT4.dll
0x00007ffa7f6d0000 - 0x00007ffa7f6d8000 	C:\WINDOWS\System32\PSAPI.DLL
0x00007ffa5f100000 - 0x00007ffa5f109000 	C:\WINDOWS\SYSTEM32\WSOCK32.dll
0x00007ffa7fa30000 - 0x00007ffa7fa9b000 	C:\WINDOWS\System32\WS2_32.dll
0x00007ffa767a0000 - 0x00007ffa767c7000 	C:\WINDOWS\SYSTEM32\WINMM.dll
0x00007ffa71aa0000 - 0x00007ffa71aaa000 	C:\WINDOWS\SYSTEM32\VERSION.dll
0x00007ffa7c8b0000 - 0x00007ffa7c8c2000 	C:\WINDOWS\SYSTEM32\kernel.appcore.dll
0x00007ffa72340000 - 0x00007ffa7234a000 	C:\Users\Николай\.jdks\openjdk-15.0.2\bin\jimage.dll
0x00007ffa79570000 - 0x00007ffa79754000 	C:\WINDOWS\SYSTEM32\DBGHELP.DLL
0x00007ffa5dc70000 - 0x00007ffa5dc9c000 	C:\WINDOWS\SYSTEM32\dbgcore.DLL
0x00007ffa7e650000 - 0x00007ffa7e6d0000 	C:\WINDOWS\System32\bcryptPrimitives.dll
0x00007ffa71250000 - 0x00007ffa7125e000 	C:\Users\Николай\.jdks\openjdk-15.0.2\bin\instrument.dll
0x00007ffa696d0000 - 0x00007ffa696f5000 	C:\Users\Николай\.jdks\openjdk-15.0.2\bin\java.dll
0x00007ffa7ec50000 - 0x00007ffa7f392000 	C:\WINDOWS\System32\SHELL32.dll
0x00007ffa78d10000 - 0x00007ffa794a0000 	C:\WINDOWS\SYSTEM32\windows.storage.dll
0x00007ffa7fe00000 - 0x00007ffa80155000 	C:\WINDOWS\System32\combase.dll
0x00007ffa7d8e0000 - 0x00007ffa7d90c000 	C:\WINDOWS\SYSTEM32\Wldp.dll
0x00007ffa7fd50000 - 0x00007ffa7fdfe000 	C:\WINDOWS\System32\SHCORE.dll
0x00007ffa7fbf0000 - 0x00007ffa7fc45000 	C:\WINDOWS\System32\shlwapi.dll
0x00007ffa7df50000 - 0x00007ffa7df6f000 	C:\WINDOWS\SYSTEM32\profapi.dll
0x00007ffa69500000 - 0x00007ffa69518000 	C:\Users\Николай\.jdks\openjdk-15.0.2\bin\zip.dll
0x00007ffa6abb0000 - 0x00007ffa6abc9000 	C:\Users\Николай\.jdks\openjdk-15.0.2\bin\net.dll
0x00007ffa69ca0000 - 0x00007ffa69dac000 	C:\WINDOWS\SYSTEM32\WINHTTP.dll
0x00007ffa7d6d0000 - 0x00007ffa7d73a000 	C:\WINDOWS\system32\mswsock.dll
0x00007ffa69df0000 - 0x00007ffa69e02000 	C:\Users\Николай\.jdks\openjdk-15.0.2\bin\nio.dll
0x00007ffa694e0000 - 0x00007ffa694fa000 	C:\Program Files\JetBrains\IntelliJ IDEA 2020.2.3\bin\breakgen64.dll
0x00007ffa71a00000 - 0x00007ffa71a10000 	C:\Users\Николай\.jdks\openjdk-15.0.2\bin\verify.dll

dbghelp: loaded successfully - version: 4.0.5 - missing functions: none
symbol engine: initialized successfully - sym options: 0x614 - pdb path: .;C:\Users\Николай\.jdks\openjdk-15.0.2\bin;C:\WINDOWS\SYSTEM32;C:\WINDOWS\WinSxS\amd64_microsoft.windows.common-controls_6595b64144ccf1df_6.0.19041.844_none_ca00b6081b84eb1d;C:\Users\Николай\.jdks\openjdk-15.0.2\bin\server;C:\Program Files\JetBrains\IntelliJ IDEA 2020.2.3\bin

VM Arguments:
jvm_args: -ea -Didea.test.cyclic.buffer.size=1048576 -javaagent:C:\Program Files\JetBrains\IntelliJ IDEA 2020.2.3\lib\idea_rt.jar=53768:C:\Program Files\JetBrains\IntelliJ IDEA 2020.2.3\bin -Dfile.encoding=UTF-8 
java_command: com.intellij.rt.junit.JUnitStarter -ideVersion5 -junit5 ru.ldwx.crm.service.CustomerServiceImplTest
java_class_path (initial): C:\Program Files\JetBrains\IntelliJ IDEA 2020.2.3\lib\idea_rt.jar;C:\Users\Николай\.m2\repository\org\junit\platform\junit-platform-launcher\1.7.1\junit-platform-launcher-1.7.1.jar;C:\Program Files\JetBrains\IntelliJ IDEA 2020.2.3\plugins\junit\lib\junit5-rt.jar;C:\Program Files\JetBrains\IntelliJ IDEA 2020.2.3\plugins\junit\lib\junit-rt.jar;C:\Users\Николай\Desktop\PROJECT\CRM-back\target\test-classes;C:\Users\Николай\Desktop\PROJECT\CRM-back\target\classes;C:\Users\Николай\.m2\repository\org\springframework\boot\spring-boot-starter-data-jdbc\2.4.3\spring-boot-starter-data-jdbc-2.4.3.jar;C:\Users\Николай\.m2\repository\org\springframework\boot\spring-boot-starter-jdbc\2.4.3\spring-boot-starter-jdbc-2.4.3.jar;C:\Users\Николай\.m2\repository\com\zaxxer\HikariCP\3.4.5\HikariCP-3.4.5.jar;C:\Users\Николай\.m2\repository\org\springframework\spring-jdbc\5.3.4\spring-jdbc-5.3.4.jar;C:\Users\Николай\.m2\repository\org\springframework\data\spring-data-jdbc\2.1.5\spring-data-jdbc-2.1.5.jar;C:\Users\Николай\.m2\repository\org\springframework\data\spring-data-relational\2.1.5\spring-data-relational-2.1.5.jar;C:\Users\Николай\.m2\repository\org\springframework\data\spring-data-commons\2.4.5\spring-data-commons-2.4.5.jar;C:\Users\Николай\.m2\repository\org\springframework\spring-tx\5.3.4\spring-tx-5.3.4.jar;C:\Users\Николай\.m2\repository\org\springframework\spring-context\5.3.4\spring-context-5.3.4.jar;C:\Users\Николай\.m2\repository\org\springframework\spring-beans\5.3.4\spring-beans-5.3.4.jar;C:\Users\Николай\.m2\repository\org\slf4j\slf4j-api\1.7.30\slf4j-api-1.7.30.jar;C:\Users\Николай\.m2\repository\org\springframework\boot\spring-boot-starter-web\2.4.3\spring-boot-starter-web-2.4.3.jar;C:\Users\Николай\.m2\repository\org\springframework\boot\spring-boot-starter\2.4.3\spring-boot-starter-2.4.3.jar;C:\Users\Николай\.m2\repository\org\springframework\boot\spring-boot\2.4.3\spring-boot-2.4.3.jar;C:\Users\Николай\.m2\repository\org\springframework\b
Launcher Type: SUN_STANDARD

[Global flags]
     intx CICompilerCount                          = 3                                         {product} {ergonomic}
     uint ConcGCThreads                            = 1                                         {product} {ergonomic}
     uint G1ConcRefinementThreads                  = 4                                         {product} {ergonomic}
   size_t G1HeapRegionSize                         = 1048576                                   {product} {ergonomic}
    uintx GCDrainStackTargetSize                   = 64                                        {product} {ergonomic}
   size_t InitialHeapSize                          = 67108864                                  {product} {ergonomic}
   size_t MarkStackSize                            = 4194304                                   {product} {ergonomic}
   size_t MaxHeapSize                              = 1042284544                                {product} {ergonomic}
   size_t MaxNewSize                               = 624951296                                 {product} {ergonomic}
   size_t MinHeapDeltaBytes                        = 1048576                                   {product} {ergonomic}
   size_t MinHeapSize                              = 8388608                                   {product} {ergonomic}
    uintx NonNMethodCodeHeapSize                   = 5832780                                {pd product} {ergonomic}
    uintx NonProfiledCodeHeapSize                  = 122912730                              {pd product} {ergonomic}
    uintx ProfiledCodeHeapSize                     = 122912730                              {pd product} {ergonomic}
    uintx ReservedCodeCacheSize                    = 251658240                              {pd product} {ergonomic}
     bool SegmentedCodeCache                       = true                                      {product} {ergonomic}
   size_t SoftMaxHeapSize                          = 1042284544                             {manageable} {ergonomic}
     bool UseCompressedClassPointers               = true                                 {lp64_product} {ergonomic}
     bool UseCompressedOops                        = true                                 {lp64_product} {ergonomic}
     bool UseG1GC                                  = true                                      {product} {ergonomic}
     bool UseLargePagesIndividualAllocation        = false                                  {pd product} {ergonomic}

Logging:
Log output configuration:
 #0: stdout all=warning uptime,level,tags
 #1: stderr all=off uptime,level,tags

Environment Variables:
PATH=C:\Program Files\Common Files\Oracle\Java\javapath;C:\ProgramData\Oracle\Java\javapath;C:\Program Files\AdoptOpenJDK\jdk-8.0.232.09-hotspot\bin;C:\WINDOWS\system32;C:\WINDOWS;C:\WINDOWS\System32\Wbem;C:\WINDOWS\System32\WindowsPowerShell\v1.0\;C:\WINDOWS\System32\OpenSSH\;C:\Program Files (x86)\NVIDIA Corporation\PhysX\Common;C:\Program Files\NVIDIA Corporation\NVIDIA NvDLISR;C:\WINDOWS\system32;C:\WINDOWS;C:\WINDOWS\System32\Wbem;C:\WINDOWS\System32\WindowsPowerShell\v1.0\;C:\WINDOWS\System32\OpenSSH\;C:\Program Files\Git\cmd;C:\Program Files\dotnet\;C:\Program Files\Microsoft SQL Server\Client SDK\ODBC\170\Tools\Binn\;C:\Program Files\Docker\Docker\resources\bin;C:\ProgramData\DockerDesktop\version-bin;C:\Users\Николай\AppData\Local\Microsoft\WindowsApps;;C:\Program Files\JetBrains\IntelliJ IDEA Community Edition 2019.3\bin;;C:\Users\Николай\AppData\Local\Programs\Microsoft VS Code\bin;C:\Users\Николай\.dotnet\tools;C:\Program Files\heroku\bin
USERNAME=Николай
OS=Windows_NT
PROCESSOR_IDENTIFIER=Intel64 Family 6 Model 142 Stepping 9, GenuineIntel



---------------  S Y S T E M  ---------------

OS:
 Windows 10 , 64 bit Build 19041 (10.0.19041.804)
OS uptime: 24 days 2:45 hours
HyperV virtualization detected

CPU: total 4 (initial active 4) (2 cores per cpu, 2 threads per core) family 6 model 142 stepping 9 microcode 0xde, cmov, cx8, fxsr, mmx, sse, sse2, sse3, ssse3, sse4.1, sse4.2, popcnt, vzeroupper, avx, avx2, aes, clmul, erms, 3dnowpref, lzcnt, ht, tsc, tscinvbit, bmi1, bmi2, adx, fma, clflush, clflushopt

Memory: 4k page, system-wide physical 3969M (248M free)
TotalPageFile size 16257M (AvailPageFile size 5M)
current process WorkingSet (physical memory assigned to process): 93M, peak: 93M
current process commit charge ("private bytes"): 166M, peak: 167M

vm_info: OpenJDK 64-Bit Server VM (15.0.2+7-27) for windows-amd64 JRE (15.0.2+7-27), built on Dec  7 2020 20:02:38 by "mach5one" with unknown MS VC++:1925

END.
